# JRE version: OpenJDK Runtime Environment (21.0.5) (build 21.0.5+-13047016-b750.29)
# Java VM: OpenJDK 64-Bit Server VM (21.0.5+-13047016-b750.29, mixed mode, tiered, compressed oops, compressed class ptrs, g1 gc, windows-amd64)
GC Precious Log:
 CardTable entry size: 512
 Card Set container configuration: InlinePtr #cards 5 size 8 Array Of Cards #cards 12 size 40 Howl #buckets 4 coarsen threshold 1843 Howl Bitmap #cards 512 size 80 coarsen threshold 460 Card regions per heap region 1 cards per card region 2048
 CPUs: 12 total, 12 available
 Memory: 16068M
 Large Page Support: Disabled
 NUMA Support: Disabled
 Compressed Oops: Enabled (32-bit)
 Heap Region Size: 1M
 Heap Min Capacity: 8M
 Heap Initial Capacity: 252M
 Heap Max Capacity: 2G
 Pre-touch: Disabled
 Parallel Workers: 10
 Concurrent Workers: 3
 Concurrent Refinement Workers: 10
 Periodic GC: Disabled
Heap:
 garbage-first heap   total 208896K, used 155788K [0x0000000080000000, 0x0000000100000000)
  region size 1024K, 34 young (34816K), 2 survivors (2048K)
 Metaspace       used 118505K, committed 120832K, reserved 1179648K
  class space    used 16250K, committed 17408K, reserved 1048576K
GC Heap History (20 events):
Event: 28.505 GC heap before
{Heap before GC invocations=38 (full 0):
 garbage-first heap   total 155648K, used 140607K [0x0000000080000000, 0x0000000100000000)
  region size 1024K, 51 young (52224K), 5 survivors (5120K)
 Metaspace       used 102269K, committed 104320K, reserved 1179648K
  class space    used 14019K, committed 15040K, reserved 1048576K
}
Event: 28.514 GC heap after
{Heap after GC invocations=39 (full 0):
 garbage-first heap   total 155648K, used 96341K [0x0000000080000000, 0x0000000100000000)
  region size 1024K, 6 young (6144K), 6 survivors (6144K)
 Metaspace       used 102269K, committed 104320K, reserved 1179648K
  class space    used 14019K, committed 15040K, reserved 1048576K
}
Event: 29.489 GC heap before
{Heap before GC invocations=40 (full 0):
 garbage-first heap   total 162816K, used 139349K [0x0000000080000000, 0x0000000100000000)
  region size 1024K, 48 young (49152K), 6 survivors (6144K)
 Metaspace       used 106436K, committed 108544K, reserved 1179648K
  class space    used 14646K, committed 15680K, reserved 1048576K
}
Event: 29.498 GC heap after
{Heap after GC invocations=41 (full 0):
 garbage-first heap   total 162816K, used 98348K [0x0000000080000000, 0x0000000100000000)
  region size 1024K, 5 young (5120K), 5 survivors (5120K)
 Metaspace       used 106436K, committed 108544K, reserved 1179648K
  class space    used 14646K, committed 15680K, reserved 1048576K
}
Event: 30.545 GC heap before
{Heap before GC invocations=41 (full 0):
 garbage-first heap   total 162816K, used 147500K [0x0000000080000000, 0x0000000100000000)
  region size 1024K, 53 young (54272K), 5 survivors (5120K)
 Metaspace       used 109175K, committed 111360K, reserved 1179648K
  class space    used 15017K, committed 16128K, reserved 1048576K
}
Event: 30.552 GC heap after
{Heap after GC invocations=42 (full 0):
 garbage-first heap   total 162816K, used 101710K [0x0000000080000000, 0x0000000100000000)
  region size 1024K, 6 young (6144K), 6 survivors (6144K)
 Metaspace       used 109175K, committed 111360K, reserved 1179648K
  class space    used 15017K, committed 16128K, reserved 1048576K
}
Event: 31.557 GC heap before
{Heap before GC invocations=42 (full 0):
 garbage-first heap   total 162816K, used 145742K [0x0000000080000000, 0x0000000100000000)
  region size 1024K, 50 young (51200K), 6 survivors (6144K)
 Metaspace       used 111064K, committed 113344K, reserved 1179648K
  class space    used 15293K, committed 16448K, reserved 1048576K
}
Event: 31.564 GC heap after
{Heap after GC invocations=43 (full 0):
 garbage-first heap   total 162816K, used 107096K [0x0000000080000000, 0x0000000100000000)
  region size 1024K, 6 young (6144K), 6 survivors (6144K)
 Metaspace       used 111064K, committed 113344K, reserved 1179648K
  class space    used 15293K, committed 16448K, reserved 1048576K
}
Event: 31.918 GC heap before
{Heap before GC invocations=44 (full 0):
 garbage-first heap   total 181248K, used 144984K [0x0000000080000000, 0x0000000100000000)
  region size 1024K, 43 young (44032K), 6 survivors (6144K)
 Metaspace       used 111344K, committed 113600K, reserved 1179648K
  class space    used 15356K, committed 16512K, reserved 1048576K
}
Event: 31.923 GC heap after
{Heap after GC invocations=45 (full 0):
 garbage-first heap   total 181248K, used 108593K [0x0000000080000000, 0x0000000100000000)
  region size 1024K, 4 young (4096K), 4 survivors (4096K)
 Metaspace       used 111344K, committed 113600K, reserved 1179648K
  class space    used 15356K, committed 16512K, reserved 1048576K
}
Event: 32.751 GC heap before
{Heap before GC invocations=45 (full 0):
 garbage-first heap   total 181248K, used 164913K [0x0000000080000000, 0x0000000100000000)
  region size 1024K, 60 young (61440K), 4 survivors (4096K)
 Metaspace       used 111690K, committed 113920K, reserved 1179648K
  class space    used 15406K, committed 16576K, reserved 1048576K
}
Event: 32.756 GC heap after
{Heap after GC invocations=46 (full 0):
 garbage-first heap   total 181248K, used 109822K [0x0000000080000000, 0x0000000100000000)
  region size 1024K, 7 young (7168K), 7 survivors (7168K)
 Metaspace       used 111690K, committed 113920K, reserved 1179648K
  class space    used 15406K, committed 16576K, reserved 1048576K
}
Event: 33.436 GC heap before
{Heap before GC invocations=46 (full 0):
 garbage-first heap   total 181248K, used 163070K [0x0000000080000000, 0x0000000100000000)
  region size 1024K, 59 young (60416K), 7 survivors (7168K)
 Metaspace       used 111943K, committed 114240K, reserved 1179648K
  class space    used 15443K, committed 16576K, reserved 1048576K
}
Event: 33.441 GC heap after
{Heap after GC invocations=47 (full 0):
 garbage-first heap   total 181248K, used 111866K [0x0000000080000000, 0x0000000100000000)
  region size 1024K, 5 young (5120K), 5 survivors (5120K)
 Metaspace       used 111943K, committed 114240K, reserved 1179648K
  class space    used 15443K, committed 16576K, reserved 1048576K
}
Event: 34.607 GC heap before
{Heap before GC invocations=48 (full 0):
 garbage-first heap   total 189440K, used 163066K [0x0000000080000000, 0x0000000100000000)
  region size 1024K, 56 young (57344K), 5 survivors (5120K)
 Metaspace       used 114963K, committed 117184K, reserved 1179648K
  class space    used 15815K, committed 16960K, reserved 1048576K
}
Event: 34.612 GC heap after
{Heap after GC invocations=49 (full 0):
 garbage-first heap   total 189440K, used 115946K [0x0000000080000000, 0x0000000100000000)
  region size 1024K, 7 young (7168K), 7 survivors (7168K)
 Metaspace       used 114963K, committed 117184K, reserved 1179648K
  class space    used 15815K, committed 16960K, reserved 1048576K
}
Event: 39.464 GC heap before
{Heap before GC invocations=49 (full 0):
 garbage-first heap   total 189440K, used 170218K [0x0000000080000000, 0x0000000100000000)
  region size 1024K, 61 young (62464K), 7 survivors (7168K)
 Metaspace       used 116359K, committed 118720K, reserved 1179648K
  class space    used 16034K, committed 17216K, reserved 1048576K
}
Event: 39.474 GC heap after
{Heap after GC invocations=50 (full 0):
 garbage-first heap   total 189440K, used 117733K [0x0000000080000000, 0x0000000100000000)
  region size 1024K, 5 young (5120K), 5 survivors (5120K)
 Metaspace       used 116359K, committed 118720K, reserved 1179648K
  class space    used 16034K, committed 17216K, reserved 1048576K
}
Event: 48.310 GC heap before
{Heap before GC invocations=50 (full 0):
 garbage-first heap   total 189440K, used 124901K [0x0000000080000000, 0x0000000100000000)
  region size 1024K, 14 young (14336K), 5 survivors (5120K)
 Metaspace       used 116874K, committed 119168K, reserved 1179648K
  class space    used 16124K, committed 17280K, reserved 1048576K
}
Event: 48.314 GC heap after
{Heap after GC invocations=51 (full 0):
 garbage-first heap   total 189440K, used 118924K [0x0000000080000000, 0x0000000100000000)
  region size 1024K, 2 young (2048K), 2 survivors (2048K)
 Metaspace       used 116874K, committed 119168K, reserved 1179648K
  class space    used 16124K, committed 17280K, reserved 1048576K
}

